2019-10-20 20:04:39,915 WARN pool-1-thread-1-ScalaTest-running-RandomWalkTest org.apache.hadoop.util.NativeCodeLoader - Unable to load native-hadoop library for your platform... using builtin-java classes where applicable
2019-10-20 20:12:34,987 WARN pool-1-thread-1-ScalaTest-running-RandomWalkTest org.apache.hadoop.util.NativeCodeLoader - Unable to load native-hadoop library for your platform... using builtin-java classes where applicable
2019-10-20 20:27:12,136 WARN pool-1-thread-1-ScalaTest-running-RandomWalkTest org.apache.hadoop.util.NativeCodeLoader - Unable to load native-hadoop library for your platform... using builtin-java classes where applicable
2019-10-20 20:33:20,955 WARN pool-1-thread-1-ScalaTest-running-RandomWalkTest org.apache.hadoop.util.NativeCodeLoader - Unable to load native-hadoop library for your platform... using builtin-java classes where applicable
2019-10-20 20:34:35,044 WARN pool-1-thread-1-ScalaTest-running-PowerIterationClusteringTest org.apache.spark.mllib.clustering.KMeans - The input data is not directly cached, which may hurt performance if its parent RDDs are also uncached.
2019-10-20 20:34:35,530 INFO Executor task launch worker for task 1363 com.github.fommil.jni.JniLoader - successfully loaded /var/folders/8p/25gtfrnj6578_73jsmq_4t4h0000gn/T/jniloader7400709727790824836netlib-native_system-osx-x86_64.jnilib
2019-10-20 20:34:35,598 WARN pool-1-thread-1-ScalaTest-running-PowerIterationClusteringTest org.apache.spark.mllib.clustering.KMeans - The input data was not directly cached, which may hurt performance if its parent RDDs are also uncached.
2019-11-02 12:50:24,317 WARN pool-1-thread-1-ScalaTest-running-PowerIterationClusteringTest org.apache.hadoop.util.NativeCodeLoader - Unable to load native-hadoop library for your platform... using builtin-java classes where applicable
2019-11-02 12:50:33,883 WARN pool-1-thread-1-ScalaTest-running-PowerIterationClusteringTest org.apache.spark.mllib.clustering.KMeans - The input data is not directly cached, which may hurt performance if its parent RDDs are also uncached.
2019-11-02 12:50:34,577 INFO Executor task launch worker for task 1363 com.github.fommil.jni.JniLoader - successfully loaded /var/folders/8p/25gtfrnj6578_73jsmq_4t4h0000gn/T/jniloader5462345365227755374netlib-native_system-osx-x86_64.jnilib
2019-11-02 12:50:34,671 WARN pool-1-thread-1-ScalaTest-running-PowerIterationClusteringTest org.apache.spark.mllib.clustering.KMeans - The input data was not directly cached, which may hurt performance if its parent RDDs are also uncached.
2019-11-02 13:03:03,042 WARN pool-1-thread-1-ScalaTest-running-GraphLoaderTest org.apache.hadoop.util.NativeCodeLoader - Unable to load native-hadoop library for your platform... using builtin-java classes where applicable
2019-11-02 13:03:20,330 WARN pool-1-thread-1-ScalaTest-running-PowerIterationClusteringTest org.apache.spark.mllib.clustering.KMeans - The input data is not directly cached, which may hurt performance if its parent RDDs are also uncached.
2019-11-02 13:03:20,786 INFO Executor task launch worker for task 1363 com.github.fommil.jni.JniLoader - successfully loaded /var/folders/8p/25gtfrnj6578_73jsmq_4t4h0000gn/T/jniloader9088067723500000999netlib-native_system-osx-x86_64.jnilib
2019-11-02 13:03:20,844 WARN pool-1-thread-1-ScalaTest-running-PowerIterationClusteringTest org.apache.spark.mllib.clustering.KMeans - The input data was not directly cached, which may hurt performance if its parent RDDs are also uncached.
2019-11-02 13:50:37,942 WARN pool-1-thread-1-ScalaTest-running-PowerIterationClusteringTest org.apache.hadoop.util.NativeCodeLoader - Unable to load native-hadoop library for your platform... using builtin-java classes where applicable
2019-11-02 13:50:47,408 WARN pool-1-thread-1-ScalaTest-running-PowerIterationClusteringTest org.apache.spark.mllib.clustering.KMeans - The input data is not directly cached, which may hurt performance if its parent RDDs are also uncached.
2019-11-02 13:50:47,894 INFO Executor task launch worker for task 1363 com.github.fommil.jni.JniLoader - successfully loaded /var/folders/8p/25gtfrnj6578_73jsmq_4t4h0000gn/T/jniloader4180165592069851794netlib-native_system-osx-x86_64.jnilib
2019-11-02 13:50:47,966 WARN pool-1-thread-1-ScalaTest-running-PowerIterationClusteringTest org.apache.spark.mllib.clustering.KMeans - The input data was not directly cached, which may hurt performance if its parent RDDs are also uncached.
2019-11-02 13:52:50,421 WARN main org.apache.hadoop.util.NativeCodeLoader - Unable to load native-hadoop library for your platform... using builtin-java classes where applicable
2019-11-02 13:53:39,188 WARN main org.apache.hadoop.util.NativeCodeLoader - Unable to load native-hadoop library for your platform... using builtin-java classes where applicable
2019-11-02 13:54:20,230 WARN main org.apache.hadoop.util.NativeCodeLoader - Unable to load native-hadoop library for your platform... using builtin-java classes where applicable
2019-11-02 13:56:26,092 WARN main org.apache.hadoop.util.NativeCodeLoader - Unable to load native-hadoop library for your platform... using builtin-java classes where applicable
2019-11-02 14:04:57,190 WARN main org.apache.hadoop.util.NativeCodeLoader - Unable to load native-hadoop library for your platform... using builtin-java classes where applicable
2019-11-02 14:06:33,112 WARN main org.apache.hadoop.util.NativeCodeLoader - Unable to load native-hadoop library for your platform... using builtin-java classes where applicable
2019-11-02 14:07:16,578 WARN main org.apache.hadoop.util.NativeCodeLoader - Unable to load native-hadoop library for your platform... using builtin-java classes where applicable
2019-11-02 14:08:28,049 WARN main org.apache.hadoop.util.NativeCodeLoader - Unable to load native-hadoop library for your platform... using builtin-java classes where applicable
2019-11-02 14:32:50,361 WARN main org.apache.hadoop.util.NativeCodeLoader - Unable to load native-hadoop library for your platform... using builtin-java classes where applicable
2019-11-02 14:37:02,177 WARN main org.apache.hadoop.util.NativeCodeLoader - Unable to load native-hadoop library for your platform... using builtin-java classes where applicable
2019-11-02 14:40:21,088 WARN main org.apache.hadoop.util.NativeCodeLoader - Unable to load native-hadoop library for your platform... using builtin-java classes where applicable
2019-11-02 14:43:01,372 WARN main org.apache.hadoop.util.NativeCodeLoader - Unable to load native-hadoop library for your platform... using builtin-java classes where applicable
2019-11-02 14:47:17,996 WARN main org.apache.hadoop.util.NativeCodeLoader - Unable to load native-hadoop library for your platform... using builtin-java classes where applicable
2019-11-02 14:48:08,892 WARN main org.apache.hadoop.util.NativeCodeLoader - Unable to load native-hadoop library for your platform... using builtin-java classes where applicable
2019-11-02 14:48:53,310 WARN main org.apache.hadoop.util.NativeCodeLoader - Unable to load native-hadoop library for your platform... using builtin-java classes where applicable
2019-11-02 14:50:27,762 WARN main org.apache.hadoop.util.NativeCodeLoader - Unable to load native-hadoop library for your platform... using builtin-java classes where applicable
2019-11-02 14:51:37,471 WARN main org.apache.hadoop.util.NativeCodeLoader - Unable to load native-hadoop library for your platform... using builtin-java classes where applicable
2019-11-02 15:03:35,534 WARN main org.apache.hadoop.util.NativeCodeLoader - Unable to load native-hadoop library for your platform... using builtin-java classes where applicable
2019-11-02 15:05:32,842 WARN main org.apache.hadoop.util.NativeCodeLoader - Unable to load native-hadoop library for your platform... using builtin-java classes where applicable
2019-11-02 15:08:06,919 WARN main org.apache.hadoop.util.NativeCodeLoader - Unable to load native-hadoop library for your platform... using builtin-java classes where applicable
2019-11-02 15:08:47,548 WARN main org.apache.hadoop.util.NativeCodeLoader - Unable to load native-hadoop library for your platform... using builtin-java classes where applicable
2019-11-02 15:15:11,487 WARN main org.apache.hadoop.util.NativeCodeLoader - Unable to load native-hadoop library for your platform... using builtin-java classes where applicable
2019-11-02 15:16:39,014 WARN main org.apache.hadoop.util.NativeCodeLoader - Unable to load native-hadoop library for your platform... using builtin-java classes where applicable
2019-11-02 15:17:41,798 WARN main org.apache.hadoop.util.NativeCodeLoader - Unable to load native-hadoop library for your platform... using builtin-java classes where applicable
2019-11-02 15:18:28,108 WARN main org.apache.hadoop.util.NativeCodeLoader - Unable to load native-hadoop library for your platform... using builtin-java classes where applicable
2019-11-02 20:04:09,148 WARN main org.apache.hadoop.util.NativeCodeLoader - Unable to load native-hadoop library for your platform... using builtin-java classes where applicable
2019-11-02 20:06:56,887 WARN main org.apache.hadoop.util.NativeCodeLoader - Unable to load native-hadoop library for your platform... using builtin-java classes where applicable
2019-11-02 20:08:48,260 WARN main org.apache.hadoop.util.NativeCodeLoader - Unable to load native-hadoop library for your platform... using builtin-java classes where applicable
2019-11-02 20:10:01,643 WARN main org.apache.hadoop.util.NativeCodeLoader - Unable to load native-hadoop library for your platform... using builtin-java classes where applicable
2019-11-02 20:11:07,816 WARN main org.apache.hadoop.util.NativeCodeLoader - Unable to load native-hadoop library for your platform... using builtin-java classes where applicable
2019-11-02 20:13:22,151 WARN main org.apache.hadoop.util.NativeCodeLoader - Unable to load native-hadoop library for your platform... using builtin-java classes where applicable
2019-11-02 20:14:01,962 WARN main org.apache.hadoop.util.NativeCodeLoader - Unable to load native-hadoop library for your platform... using builtin-java classes where applicable
2019-11-02 20:15:31,986 WARN main org.apache.hadoop.util.NativeCodeLoader - Unable to load native-hadoop library for your platform... using builtin-java classes where applicable
2019-11-02 20:16:33,683 WARN main org.apache.hadoop.util.NativeCodeLoader - Unable to load native-hadoop library for your platform... using builtin-java classes where applicable
2019-11-02 20:17:28,799 WARN main org.apache.hadoop.util.NativeCodeLoader - Unable to load native-hadoop library for your platform... using builtin-java classes where applicable
2019-11-02 20:19:55,678 WARN main org.apache.hadoop.util.NativeCodeLoader - Unable to load native-hadoop library for your platform... using builtin-java classes where applicable
2019-11-02 20:20:28,875 WARN main org.apache.hadoop.util.NativeCodeLoader - Unable to load native-hadoop library for your platform... using builtin-java classes where applicable
2019-11-02 20:22:15,478 WARN main org.apache.hadoop.util.NativeCodeLoader - Unable to load native-hadoop library for your platform... using builtin-java classes where applicable
2019-11-02 20:29:17,567 WARN main org.apache.hadoop.util.NativeCodeLoader - Unable to load native-hadoop library for your platform... using builtin-java classes where applicable
2019-11-02 20:30:21,379 WARN main org.apache.hadoop.util.NativeCodeLoader - Unable to load native-hadoop library for your platform... using builtin-java classes where applicable
2019-11-02 20:34:29,367 WARN main org.apache.hadoop.util.NativeCodeLoader - Unable to load native-hadoop library for your platform... using builtin-java classes where applicable
2019-11-02 20:40:39,287 WARN main org.apache.hadoop.util.NativeCodeLoader - Unable to load native-hadoop library for your platform... using builtin-java classes where applicable
2019-11-02 20:55:49,539 WARN main org.apache.hadoop.util.NativeCodeLoader - Unable to load native-hadoop library for your platform... using builtin-java classes where applicable
2019-11-02 20:59:33,141 WARN main org.apache.hadoop.util.NativeCodeLoader - Unable to load native-hadoop library for your platform... using builtin-java classes where applicable
2019-11-02 21:14:17,131 WARN main org.apache.hadoop.util.NativeCodeLoader - Unable to load native-hadoop library for your platform... using builtin-java classes where applicable
2019-11-02 21:17:53,769 WARN main org.apache.hadoop.util.NativeCodeLoader - Unable to load native-hadoop library for your platform... using builtin-java classes where applicable
2019-11-02 21:17:59,905 WARN main org.apache.spark.sql.execution.datasources.DataSource - Multiple sources found for csv (com.databricks.spark.csv.DefaultSource15, org.apache.spark.sql.execution.datasources.csv.CSVFileFormat), defaulting to the internal datasource (org.apache.spark.sql.execution.datasources.csv.CSVFileFormat).
2019-11-02 21:17:59,909 WARN main org.apache.spark.sql.execution.datasources.DataSource - Multiple sources found for csv (com.databricks.spark.csv.DefaultSource15, org.apache.spark.sql.execution.datasources.csv.CSVFileFormat), defaulting to the internal datasource (org.apache.spark.sql.execution.datasources.csv.CSVFileFormat).
2019-11-02 21:18:00,746 INFO Executor task launch worker for task 4 org.apache.hadoop.mapreduce.lib.output.FileOutputCommitter - Saved output of task 'attempt_20191102211800_0004_m_000000_0' to file:/Volumes/Untitled/Project/stu_code_project/data/feature_csv/_temporary/0/task_20191102211800_0004_m_000000
2019-11-02 21:19:51,143 WARN main org.apache.hadoop.util.NativeCodeLoader - Unable to load native-hadoop library for your platform... using builtin-java classes where applicable
2019-11-02 21:19:56,614 WARN main org.apache.spark.sql.execution.datasources.DataSource - Multiple sources found for csv (com.databricks.spark.csv.DefaultSource15, org.apache.spark.sql.execution.datasources.csv.CSVFileFormat), defaulting to the internal datasource (org.apache.spark.sql.execution.datasources.csv.CSVFileFormat).
2019-11-02 21:19:56,617 WARN main org.apache.spark.sql.execution.datasources.DataSource - Multiple sources found for csv (com.databricks.spark.csv.DefaultSource15, org.apache.spark.sql.execution.datasources.csv.CSVFileFormat), defaulting to the internal datasource (org.apache.spark.sql.execution.datasources.csv.CSVFileFormat).
2019-11-02 21:19:57,388 INFO Executor task launch worker for task 4 org.apache.hadoop.mapreduce.lib.output.FileOutputCommitter - Saved output of task 'attempt_20191102211956_0004_m_000000_0' to file:/Volumes/Untitled/Project/stu_code_project/data/feature_csv/patients/_temporary/0/task_20191102211956_0004_m_000000
2019-11-02 21:22:38,206 WARN main org.apache.hadoop.util.NativeCodeLoader - Unable to load native-hadoop library for your platform... using builtin-java classes where applicable
2019-11-02 21:22:43,553 WARN main org.apache.spark.sql.execution.datasources.DataSource - Multiple sources found for csv (com.databricks.spark.csv.DefaultSource15, org.apache.spark.sql.execution.datasources.csv.CSVFileFormat), defaulting to the internal datasource (org.apache.spark.sql.execution.datasources.csv.CSVFileFormat).
2019-11-02 21:22:43,555 WARN main org.apache.spark.sql.execution.datasources.DataSource - Multiple sources found for csv (com.databricks.spark.csv.DefaultSource15, org.apache.spark.sql.execution.datasources.csv.CSVFileFormat), defaulting to the internal datasource (org.apache.spark.sql.execution.datasources.csv.CSVFileFormat).
2019-11-02 21:22:44,300 INFO Executor task launch worker for task 4 org.apache.hadoop.mapreduce.lib.output.FileOutputCommitter - Saved output of task 'attempt_20191102212243_0004_m_000000_0' to file:/Volumes/Untitled/Project/stu_code_project/data/feature_csv/patients/_temporary/0/task_20191102212243_0004_m_000000
2019-11-02 21:22:44,527 WARN main org.apache.spark.sql.execution.datasources.DataSource - Multiple sources found for csv (com.databricks.spark.csv.DefaultSource15, org.apache.spark.sql.execution.datasources.csv.CSVFileFormat), defaulting to the internal datasource (org.apache.spark.sql.execution.datasources.csv.CSVFileFormat).
2019-11-02 21:22:44,530 WARN main org.apache.spark.sql.execution.datasources.DataSource - Multiple sources found for csv (com.databricks.spark.csv.DefaultSource15, org.apache.spark.sql.execution.datasources.csv.CSVFileFormat), defaulting to the internal datasource (org.apache.spark.sql.execution.datasources.csv.CSVFileFormat).
2019-11-02 21:22:48,145 INFO Executor task launch worker for task 8 org.apache.hadoop.mapreduce.lib.output.FileOutputCommitter - Saved output of task 'attempt_20191102212247_0007_m_000000_0' to file:/Volumes/Untitled/Project/stu_code_project/data/feature_csv/icustays/_temporary/0/task_20191102212247_0007_m_000000
2019-11-02 21:28:20,574 WARN main org.apache.hadoop.util.NativeCodeLoader - Unable to load native-hadoop library for your platform... using builtin-java classes where applicable
2019-11-02 21:28:30,225 WARN main org.apache.spark.sql.execution.datasources.DataSource - Multiple sources found for csv (com.databricks.spark.csv.DefaultSource15, org.apache.spark.sql.execution.datasources.csv.CSVFileFormat), defaulting to the internal datasource (org.apache.spark.sql.execution.datasources.csv.CSVFileFormat).
2019-11-02 21:28:30,228 WARN main org.apache.spark.sql.execution.datasources.DataSource - Multiple sources found for csv (com.databricks.spark.csv.DefaultSource15, org.apache.spark.sql.execution.datasources.csv.CSVFileFormat), defaulting to the internal datasource (org.apache.spark.sql.execution.datasources.csv.CSVFileFormat).
2019-11-02 21:28:30,933 INFO Executor task launch worker for task 4 org.apache.hadoop.mapreduce.lib.output.FileOutputCommitter - Saved output of task 'attempt_20191102212830_0004_m_000000_0' to file:/Volumes/Untitled/Project/stu_code_project/data/feature_csv/patients/_temporary/0/task_20191102212830_0004_m_000000
2019-11-02 21:28:31,170 WARN main org.apache.spark.sql.execution.datasources.DataSource - Multiple sources found for csv (com.databricks.spark.csv.DefaultSource15, org.apache.spark.sql.execution.datasources.csv.CSVFileFormat), defaulting to the internal datasource (org.apache.spark.sql.execution.datasources.csv.CSVFileFormat).
2019-11-02 21:28:31,174 WARN main org.apache.spark.sql.execution.datasources.DataSource - Multiple sources found for csv (com.databricks.spark.csv.DefaultSource15, org.apache.spark.sql.execution.datasources.csv.CSVFileFormat), defaulting to the internal datasource (org.apache.spark.sql.execution.datasources.csv.CSVFileFormat).
2019-11-02 21:28:34,105 INFO Executor task launch worker for task 8 org.apache.hadoop.mapreduce.lib.output.FileOutputCommitter - Saved output of task 'attempt_20191102212833_0007_m_000000_0' to file:/Volumes/Untitled/Project/stu_code_project/data/feature_csv/icustays/_temporary/0/task_20191102212833_0007_m_000000
2019-11-02 21:28:34,151 WARN main org.apache.spark.sql.execution.datasources.DataSource - Multiple sources found for csv (com.databricks.spark.csv.DefaultSource15, org.apache.spark.sql.execution.datasources.csv.CSVFileFormat), defaulting to the internal datasource (org.apache.spark.sql.execution.datasources.csv.CSVFileFormat).
2019-11-02 21:28:34,152 WARN main org.apache.spark.sql.execution.datasources.DataSource - Multiple sources found for csv (com.databricks.spark.csv.DefaultSource15, org.apache.spark.sql.execution.datasources.csv.CSVFileFormat), defaulting to the internal datasource (org.apache.spark.sql.execution.datasources.csv.CSVFileFormat).
2019-11-02 21:43:44,226 INFO Executor task launch worker for task 9 org.apache.hadoop.mapreduce.lib.output.FileOutputCommitter - Saved output of task 'attempt_20191102212834_0008_m_000000_0' to file:/Volumes/Untitled/Project/stu_code_project/data/feature_csv/hr/_temporary/0/task_20191102212834_0008_m_000000
2019-11-02 21:43:44,977 WARN main org.apache.spark.sql.execution.datasources.DataSource - Multiple sources found for csv (com.databricks.spark.csv.DefaultSource15, org.apache.spark.sql.execution.datasources.csv.CSVFileFormat), defaulting to the internal datasource (org.apache.spark.sql.execution.datasources.csv.CSVFileFormat).
2019-11-02 21:43:44,978 WARN main org.apache.spark.sql.execution.datasources.DataSource - Multiple sources found for csv (com.databricks.spark.csv.DefaultSource15, org.apache.spark.sql.execution.datasources.csv.CSVFileFormat), defaulting to the internal datasource (org.apache.spark.sql.execution.datasources.csv.CSVFileFormat).
2019-11-02 22:03:36,636 INFO Executor task launch worker for task 643 org.apache.hadoop.mapreduce.lib.output.FileOutputCommitter - Saved output of task 'attempt_20191102220333_0025_m_000000_0' to file:/Volumes/Untitled/Project/stu_code_project/data/feature_csv/gcs/_temporary/0/task_20191102220333_0025_m_000000
2019-11-02 22:03:36,768 WARN main org.apache.spark.sql.execution.datasources.DataSource - Multiple sources found for csv (com.databricks.spark.csv.DefaultSource15, org.apache.spark.sql.execution.datasources.csv.CSVFileFormat), defaulting to the internal datasource (org.apache.spark.sql.execution.datasources.csv.CSVFileFormat).
2019-11-02 22:03:36,770 WARN main org.apache.spark.sql.execution.datasources.DataSource - Multiple sources found for csv (com.databricks.spark.csv.DefaultSource15, org.apache.spark.sql.execution.datasources.csv.CSVFileFormat), defaulting to the internal datasource (org.apache.spark.sql.execution.datasources.csv.CSVFileFormat).
2019-11-02 22:19:24,572 INFO Executor task launch worker for task 644 org.apache.hadoop.mapreduce.lib.output.FileOutputCommitter - Saved output of task 'attempt_20191102220336_0026_m_000000_0' to file:/Volumes/Untitled/Project/stu_code_project/data/feature_csv/blood_pressure/_temporary/0/task_20191102220336_0026_m_000000
2019-11-02 22:19:24,733 WARN main org.apache.spark.sql.execution.datasources.DataSource - Multiple sources found for csv (com.databricks.spark.csv.DefaultSource15, org.apache.spark.sql.execution.datasources.csv.CSVFileFormat), defaulting to the internal datasource (org.apache.spark.sql.execution.datasources.csv.CSVFileFormat).
2019-11-02 22:19:24,734 WARN main org.apache.spark.sql.execution.datasources.DataSource - Multiple sources found for csv (com.databricks.spark.csv.DefaultSource15, org.apache.spark.sql.execution.datasources.csv.CSVFileFormat), defaulting to the internal datasource (org.apache.spark.sql.execution.datasources.csv.CSVFileFormat).
2019-11-02 22:34:42,148 INFO Executor task launch worker for task 645 org.apache.hadoop.mapreduce.lib.output.FileOutputCommitter - Saved output of task 'attempt_20191102221924_0027_m_000000_0' to file:/Volumes/Untitled/Project/stu_code_project/data/feature_csv/body_temperature/_temporary/0/task_20191102221924_0027_m_000000
2019-11-02 22:34:42,279 WARN main org.apache.spark.sql.execution.datasources.DataSource - Multiple sources found for csv (com.databricks.spark.csv.DefaultSource15, org.apache.spark.sql.execution.datasources.csv.CSVFileFormat), defaulting to the internal datasource (org.apache.spark.sql.execution.datasources.csv.CSVFileFormat).
2019-11-02 22:34:42,280 WARN main org.apache.spark.sql.execution.datasources.DataSource - Multiple sources found for csv (com.databricks.spark.csv.DefaultSource15, org.apache.spark.sql.execution.datasources.csv.CSVFileFormat), defaulting to the internal datasource (org.apache.spark.sql.execution.datasources.csv.CSVFileFormat).
2019-11-02 22:35:45,010 INFO Executor task launch worker for task 646 org.apache.hadoop.mapreduce.lib.output.FileOutputCommitter - Saved output of task 'attempt_20191102223442_0028_m_000000_0' to file:/Volumes/Untitled/Project/stu_code_project/data/feature_csv/pao2/_temporary/0/task_20191102223442_0028_m_000000
2019-11-02 22:35:45,145 WARN main org.apache.spark.sql.execution.datasources.DataSource - Multiple sources found for csv (com.databricks.spark.csv.DefaultSource15, org.apache.spark.sql.execution.datasources.csv.CSVFileFormat), defaulting to the internal datasource (org.apache.spark.sql.execution.datasources.csv.CSVFileFormat).
2019-11-02 22:35:45,146 WARN main org.apache.spark.sql.execution.datasources.DataSource - Multiple sources found for csv (com.databricks.spark.csv.DefaultSource15, org.apache.spark.sql.execution.datasources.csv.CSVFileFormat), defaulting to the internal datasource (org.apache.spark.sql.execution.datasources.csv.CSVFileFormat).
2019-11-02 22:50:15,598 INFO Executor task launch worker for task 647 org.apache.hadoop.mapreduce.lib.output.FileOutputCommitter - Saved output of task 'attempt_20191102223545_0029_m_000000_0' to file:/Volumes/Untitled/Project/stu_code_project/data/feature_csv/fio2/_temporary/0/task_20191102223545_0029_m_000000
